2024-02-28 21:59:34,267 - __main__ - INFO - start message
2024-02-28 22:59:04,306 - __main__ - INFO - start message
2024-03-02 22:33:14,039 - temp.log - INFO - start message
2024-03-02 22:54:16,333 - temp.log - INFO - Успешное подключение
2024-03-02 22:55:00,964 - temp.log - INFO - Успешное подключение
2024-03-02 22:59:26,728 - temp.log - INFO - Успешное подключение
2024-03-02 22:59:32,999 - temp.log - INFO - Привет
2024-03-02 22:59:57,560 - temp.log - INFO - Успешное подключение
2024-03-02 23:02:06,471 - temp.log - INFO - Успешное подключение
2024-03-02 23:02:24,391 - temp.log - INFO - Успешное подключение
2024-03-02 23:02:25,250 - temp.log - ERROR - Ошибка: start_message
2024-03-02 23:02:33,423 - temp.log - ERROR - Ошибка: help_message
2024-03-03 01:37:05,711 - temp.log - INFO - Успешное подключение
2024-03-03 01:37:11,678 - temp.log - ERROR - Ошибка: start_message
2024-03-03 01:54:40,069 - temp.log - ERROR - Ошибка: help_message
2024-03-03 03:01:24,596 - temp.log - INFO - Успешное подключение
2024-03-03 03:04:24,482 - temp.log - INFO - Успешное подключение
2024-03-03 03:06:15,548 - temp.log - INFO - Успешное подключение
2024-03-03 03:28:21,834 - temp.log - INFO - Успешное подключение
2024-03-03 22:47:58,219 - temp.log - INFO - Успешное подключение
2024-03-05 19:21:42,107 - temp.log - INFO - Успешное подключение
2024-03-08 00:57:09,233 - temp.log - INFO - Успешное подключение
2024-03-08 21:07:06,384 - temp.log - INFO - Успешное подключение
2024-03-08 21:08:09,012 - temp.log - INFO - Успешное подключение
2024-03-08 21:10:17,572 - temp.log - INFO - Успешное подключение
2024-03-08 21:15:08,145 - temp.log - INFO - Успешное подключение
2024-03-08 21:16:49,022 - temp.log - INFO - Успешное подключение
2024-03-08 21:19:13,621 - temp.log - INFO - Успешное подключение
2024-03-08 21:19:54,663 - temp.log - INFO - Успешное подключение
2024-03-08 21:20:27,219 - temp.log - INFO - Успешное подключение
2024-03-08 22:12:39,862 - temp.log - INFO - Успешное подключение
2024-03-08 22:12:57,812 - temp.log - INFO - НЕТ МЕМОВ!
2024-03-08 22:12:59,139 - temp.log - INFO - НЕТ МЕМОВ!
2024-03-08 22:13:00,091 - temp.log - INFO - НЕТ МЕМОВ!
2024-03-08 22:14:06,643 - temp.log - INFO - Успешное подключение
2024-03-08 22:16:59,577 - temp.log - INFO - Успешное подключение
2024-03-08 22:18:51,849 - temp.log - INFO - Успешное подключение
2024-03-08 22:20:25,217 - temp.log - INFO - Успешное подключение
2024-03-08 22:21:17,814 - temp.log - INFO - Успешное подключение
2024-03-08 22:33:27,543 - temp.log - INFO - Успешное подключение
2024-03-08 22:33:45,835 - temp.log - INFO - Успешное подключение
2024-03-08 22:34:04,711 - temp.log - INFO - Успешное подключение
2024-03-08 22:34:39,376 - temp.log - INFO - Успешное подключение
2024-03-08 22:35:12,029 - temp.log - INFO - Успешное подключение
2024-03-08 22:36:47,739 - temp.log - INFO - Успешное подключение
2024-03-08 23:09:05,289 - temp.log - INFO - Успешное подключение
2024-03-08 23:14:42,671 - temp.log - INFO - Успешное подключение
2024-03-08 23:16:31,340 - temp.log - INFO - Успешное подключение
2024-03-08 23:17:15,961 - temp.log - INFO - Успешное подключение
2024-03-08 23:26:54,247 - temp.log - INFO - Успешное подключение
2024-03-08 23:27:14,589 - temp.log - INFO - Успешное подключение
2024-03-08 23:28:02,661 - temp.log - INFO - Успешное подключение
2024-03-08 23:29:48,883 - temp.log - INFO - Успешное подключение
2024-03-08 23:31:27,353 - temp.log - INFO - Успешное подключение
2024-03-08 23:36:19,988 - temp.log - INFO - Успешное подключение
2024-03-08 23:37:33,333 - temp.log - INFO - Успешное подключение
2024-03-08 23:38:57,521 - temp.log - INFO - Успешное подключение
2024-03-08 23:55:07,345 - temp.log - INFO - Успешное подключение
2024-03-08 23:55:21,349 - temp.log - INFO - Успешное подключение
2024-03-09 00:09:21,423 - temp.log - INFO - Успешное подключение
2024-03-09 00:11:31,048 - temp.log - INFO - Успешное подключение
2024-03-09 00:13:26,877 - temp.log - INFO - Успешное подключение
2024-03-09 14:40:20,077 - temp.log - INFO - Успешное подключение
2024-03-09 14:41:04,905 - temp.log - INFO - Успешное подключение
